2025-11-16 04:59:39,867 - INFO - ============================================================
2025-11-16 04:59:39,868 - INFO - ENHANCED MIGRATION WITH SOURCE TRACKING
2025-11-16 04:59:39,869 - INFO - ============================================================
2025-11-16 04:59:41,160 - INFO - Enhanced database schema created successfully
2025-11-16 04:59:41,163 - INFO - Importing BioPharmGuy data from: data/working/bpg_ca_raw.csv
2025-11-16 04:59:41,421 - INFO - Imported 2322 BioPharmGuy companies
2025-11-16 04:59:41,424 - INFO - Importing Wikipedia data from: data/working/wikipedia_companies.csv
2025-11-16 04:59:41,489 - INFO - Imported 201 Wikipedia companies
2025-11-16 04:59:41,490 - INFO - Creating merged company records...
2025-11-16 05:00:00,546 - INFO - Created 2491 merged company records
2025-11-16 05:00:00,547 - INFO - Merged 31 duplicate companies
2025-11-16 05:00:00,551 - INFO - Importing enriched data from: data/working/companies_enriched_final.csv
2025-11-16 05:00:00,781 - INFO - Enriched data import complete
2025-11-16 05:00:00,804 - INFO - ============================================================
2025-11-16 05:00:00,804 - INFO - MIGRATION REPORT WITH SOURCE TRACKING
2025-11-16 05:00:00,805 - INFO - ============================================================
2025-11-16 05:00:00,805 - INFO - Import Batch: 20251116_045939
2025-11-16 05:00:00,806 - INFO - 
2025-11-16 05:00:00,806 - INFO - RAW DATA IMPORTED:
2025-11-16 05:00:00,807 - INFO -   BioPharmGuy records: 2322
2025-11-16 05:00:00,807 - INFO -   Wikipedia records: 201
2025-11-16 05:00:00,808 - INFO - 
2025-11-16 05:00:00,808 - INFO - MERGED RESULTS:
2025-11-16 05:00:00,808 - INFO -   Total unique companies: 2491
2025-11-16 05:00:00,809 - INFO -   Source mappings created: 2522
2025-11-16 05:00:00,809 - INFO -   Duplicates merged: 31
2025-11-16 05:00:00,810 - INFO - 
2025-11-16 05:00:00,810 - INFO - VALIDATION SOURCES:
2025-11-16 05:00:00,811 - INFO -   BPG            : 2291
2025-11-16 05:00:00,811 - INFO -   Both           :   30
2025-11-16 05:00:00,812 - INFO -   Wikipedia      :  170
2025-11-16 05:00:00,812 - INFO - ============================================================
2025-11-16 05:00:00,813 - INFO - Migration completed successfully!
