2025-11-16 02:03:42,896 - INFO - Starting enhanced classification of /mnt/c/Users/shirk/Documents/Adulting/EastBayBiotechMap/data/working/companies_with_stages.csv
2025-11-16 02:03:42,908 - ERROR - Error during classification: dict contains fields not in fieldnames: 'Classification_Method'
2025-11-16 02:04:07,909 - INFO - Starting enhanced classification of /mnt/c/Users/shirk/Documents/Adulting/EastBayBiotechMap/data/working/companies_with_stages.csv
2025-11-16 02:04:07,929 - INFO - Processed 100 companies, 83 classified...
2025-11-16 02:04:07,941 - INFO - Processed 200 companies, 166 classified...
2025-11-16 02:04:07,953 - INFO - Processed 300 companies, 252 classified...
2025-11-16 02:04:07,963 - INFO - Processed 400 companies, 336 classified...
2025-11-16 02:04:07,974 - INFO - Processed 500 companies, 420 classified...
2025-11-16 02:04:07,985 - INFO - Processed 600 companies, 500 classified...
2025-11-16 02:04:07,995 - INFO - Processed 700 companies, 580 classified...
2025-11-16 02:04:08,006 - INFO - Processed 800 companies, 664 classified...
2025-11-16 02:04:08,018 - INFO - Processed 900 companies, 743 classified...
2025-11-16 02:04:08,030 - INFO - Processed 1000 companies, 823 classified...
2025-11-16 02:04:08,038 - INFO - Report saved to: /mnt/c/Users/shirk/Documents/Adulting/EastBayBiotechMap/deleteme/reports/enhanced_classification_report.md
2025-11-16 02:04:08,039 - INFO - Enhanced classification complete: 825/1002 (82.3%)
2025-11-16 02:04:08,040 - INFO - Output saved to: /mnt/c/Users/shirk/Documents/Adulting/EastBayBiotechMap/data/working/companies_enhanced_v2.csv
2025-11-16 02:04:08,041 - INFO - Classification success rate: 82.3%
2025-11-16 02:04:08,041 - INFO - 
Classification method breakdown:
2025-11-16 02:04:08,042 - INFO -   Acquired: 2
2025-11-16 02:04:08,042 - INFO -   COMMERCIAL: 3
2025-11-16 02:04:08,043 - INFO -   Commercial: 3
2025-11-16 02:04:08,043 - INFO -   PLATFORM: 3
2025-11-16 02:04:08,044 - INFO -   PUBLIC: 2
2025-11-16 02:04:08,045 - INFO -   Phase I: 1
2025-11-16 02:04:08,045 - INFO -   Platform: 383
2025-11-16 02:04:08,046 - INFO -   Preclinical: 428
2025-11-16 02:04:08,047 - INFO -   Unknown: 177
2025-11-16 02:04:08,048 - INFO -   default_therapeutic: 15
2025-11-16 02:04:08,048 - INFO -   description_acquired: 2
2025-11-16 02:04:08,049 - INFO -   description_clinical: 8
2025-11-16 02:04:08,049 - INFO -   description_platform: 6
2025-11-16 02:04:08,050 - INFO -   description_therapeutic: 13
2025-11-16 02:04:08,050 - INFO -   focus_areas_clinical: 79
2025-11-16 02:04:08,051 - INFO -   focus_areas_mixed: 49
2025-11-16 02:04:08,051 - INFO -   focus_areas_platform: 330
2025-11-16 02:04:08,052 - INFO -   focus_areas_therapeutic: 251
2025-11-16 02:04:08,053 - INFO -   known_company: 8
2025-11-16 02:04:08,053 - INFO -   name_pattern: 64
2025-11-16 02:04:08,054 - INFO -   none: 177
