2025-11-16 01:54:04,626 - INFO - Starting classification of ../../data/working/companies_enriched_final.csv
2025-11-16 01:54:04,635 - INFO - Classified 10x genomics as PUBLIC (known company)
2025-11-16 01:54:04,636 - INFO - Classified 4d molecular therapeutics as PHASE_I (ClinicalTrials.gov)
2025-11-16 01:54:04,637 - INFO - Defaulted 89bio to PRECLINICAL (biotech without clear stage)
2025-11-16 01:54:04,638 - INFO - Defaulted act biotech inc to PRECLINICAL (biotech without clear stage)
2025-11-16 01:54:04,639 - INFO - Defaulted adarx pharmaceuticals to PRECLINICAL (biotech without clear stage)
2025-11-16 01:54:04,641 - INFO - Defaulted adrx to PRECLINICAL (biotech without clear stage)
2025-11-16 01:54:04,641 - INFO - Defaulted aeon biopharma to PRECLINICAL (biotech without clear stage)
2025-11-16 01:54:04,642 - INFO - Defaulted aivita biomedical to PRECLINICAL (biotech without clear stage)
2025-11-16 01:54:04,643 - INFO - Defaulted alx oncology to PRECLINICAL (biotech without clear stage)
2025-11-16 01:54:04,644 - INFO - Classified an2 therapeutics as PHASE_I (ClinicalTrials.gov)
2025-11-16 01:54:04,644 - INFO - Classified apstem therapeutics as PHASE_I (ClinicalTrials.gov)
2025-11-16 01:54:04,645 - INFO - Defaulted atum to PRECLINICAL (biotech without clear stage)
2025-11-16 01:54:04,646 - INFO - Classified aardvark therapeutics as PHASE_I (ClinicalTrials.gov)
2025-11-16 01:54:04,647 - INFO - Classified aarvik therapeutics as PHASE_I (ClinicalTrials.gov)
2025-11-16 01:54:04,647 - INFO - Defaulted ab studio to PRECLINICAL (biotech without clear stage)
2025-11-16 01:54:04,648 - INFO - Classified abtherx as PRECLINICAL (description analysis)
2025-11-16 01:54:04,649 - INFO - Defaulted abalone bio to PRECLINICAL (biotech without clear stage)
2025-11-16 01:54:04,650 - INFO - Defaulted abbomax to PRECLINICAL (biotech without clear stage)
2025-11-16 01:54:04,652 - INFO - Classified abilita therapeutics as PHASE_I (ClinicalTrials.gov)
2025-11-16 01:54:04,653 - INFO - Classified ablexis as PRECLINICAL (description analysis)
2025-11-16 01:54:04,654 - INFO - Classified abterra biosciences as PRECLINICAL (description analysis)
2025-11-16 01:54:04,655 - INFO - Defaulted accurus biosciences to PRECLINICAL (biotech without clear stage)
2025-11-16 01:54:04,656 - INFO - Defaulted acelabio to PRECLINICAL (biotech without clear stage)
2025-11-16 01:54:04,657 - INFO - Defaulted acepodia to PRECLINICAL (biotech without clear stage)
2025-11-16 01:54:04,658 - INFO - Classified acrobat genomics as PRECLINICAL (description analysis)
2025-11-16 01:54:04,659 - INFO - Defaulted acurastem to PRECLINICAL (biotech without clear stage)
2025-11-16 01:54:04,660 - INFO - Classified adcentrx therapeutics as PHASE_I (ClinicalTrials.gov)
2025-11-16 01:54:04,662 - INFO - Defaulted advanced protein production to PRECLINICAL (biotech without clear stage)
2025-11-16 01:54:04,663 - INFO - Defaulted advansta to PRECLINICAL (biotech without clear stage)
2025-11-16 01:54:04,664 - INFO - Defaulted adverum biotechnologies to PRECLINICAL (biotech without clear stage)
2025-11-16 01:54:04,665 - INFO - Defaulted afecta pharmaceuticals to PRECLINICAL (biotech without clear stage)
2025-11-16 01:54:04,666 - INFO - Defaulted levena biopharma to PRECLINICAL (biotech without clear stage)
2025-11-16 01:54:04,667 - INFO - Defaulted lexicon pharmaceuticals to PRECLINICAL (biotech without clear stage)
2025-11-16 01:54:04,669 - INFO - Classified light horse therapeutics as PRECLINICAL (description analysis)
2025-11-16 01:54:04,669 - INFO - Defaulted limflow to PRECLINICAL (biotech without clear stage)
2025-11-16 01:54:04,670 - INFO - Defaulted limb preservation platform to PRECLINICAL (biotech without clear stage)
2025-11-16 01:54:04,671 - INFO - Defaulted linatech to PRECLINICAL (biotech without clear stage)
2025-11-16 01:54:04,672 - INFO - Defaulted link cell therapies to PRECLINICAL (biotech without clear stage)
2025-11-16 01:54:04,673 - INFO - Classified liquid biosciences as PRECLINICAL (description analysis)
2025-11-16 01:54:04,673 - INFO - Processed 100 companies...
2025-11-16 01:54:04,674 - INFO - Defaulted locus biosciences to PRECLINICAL (biotech without clear stage)
2025-11-16 01:54:04,675 - INFO - Classified lotus clinical research as PHASE_II (ClinicalTrials.gov)
2025-11-16 01:54:04,676 - INFO - Defaulted lumenis to PRECLINICAL (biotech without clear stage)
2025-11-16 01:54:04,677 - INFO - Defaulted lundbeck seattle biopharmaceuticals to PRECLINICAL (biotech without clear stage)
2025-11-16 01:54:04,678 - INFO - Classified lycia therapeutics as PHASE_I (ClinicalTrials.gov)
2025-11-16 01:54:04,679 - INFO - Classified mbrace therapeutics as PRECLINICAL (description analysis)
2025-11-16 01:54:04,680 - INFO - Defaulted mclab to PRECLINICAL (biotech without clear stage)
2025-11-16 01:54:04,681 - INFO - Defaulted machaon diagnostics to PRECLINICAL (biotech without clear stage)
2025-11-16 01:54:04,682 - INFO - Defaulted magnus medical to PRECLINICAL (biotech without clear stage)
2025-11-16 01:54:04,683 - INFO - Defaulted mannkind to PRECLINICAL (biotech without clear stage)
2025-11-16 01:54:04,683 - INFO - Defaulted mapp biopharmaceutical to PRECLINICAL (biotech without clear stage)
2025-11-16 01:54:04,684 - INFO - Defaulted matrix biomed to PRECLINICAL (biotech without clear stage)
2025-11-16 01:54:04,686 - INFO - Defaulted maxygen (2) to PRECLINICAL (biotech without clear stage)
2025-11-16 01:54:04,687 - INFO - Classified maze therapeutics as PHASE_I (ClinicalTrials.gov)
2025-11-16 01:54:04,687 - INFO - Defaulted mcguff companies to PRECLINICAL (biotech without clear stage)
2025-11-16 01:54:04,689 - INFO - Defaulted mckesson corporation to PRECLINICAL (biotech without clear stage)
2025-11-16 01:54:04,689 - INFO - Defaulted medable to PRECLINICAL (biotech without clear stage)
2025-11-16 01:54:04,690 - INFO - Classified medeor therapeutics as PHASE_I (ClinicalTrials.gov)
2025-11-16 01:54:04,691 - INFO - Defaulted mediprint ophthalmics to PRECLINICAL (biotech without clear stage)
2025-11-16 01:54:04,693 - INFO - Defaulted meditrina to PRECLINICAL (biotech without clear stage)
2025-11-16 01:54:04,693 - INFO - Defaulted medrio to PRECLINICAL (biotech without clear stage)
2025-11-16 01:54:04,694 - INFO - Classified melinta therapeutics as PHASE_I (ClinicalTrials.gov)
2025-11-16 01:54:04,695 - INFO - Classified melior discovery as PRECLINICAL (description analysis)
2025-11-16 01:54:04,696 - INFO - Defaulted metagenomi to PRECLINICAL (biotech without clear stage)
2025-11-16 01:54:04,698 - INFO - Defaulted milliporesigma to PRECLINICAL (biotech without clear stage)
2025-11-16 01:54:04,699 - INFO - Defaulted mingsight pharmaceuticals to PRECLINICAL (biotech without clear stage)
2025-11-16 01:54:04,700 - INFO - Defaulted molecular devices to PRECLINICAL (biotech without clear stage)
2025-11-16 01:54:04,700 - INFO - Defaulted molecular instruments to PRECLINICAL (biotech without clear stage)
2025-11-16 01:54:04,701 - INFO - Defaulted molsoft to PRECLINICAL (biotech without clear stage)
2025-11-16 01:54:04,702 - INFO - Classified moonwalk biosciences as PRECLINICAL (description analysis)
2025-11-16 01:54:04,703 - INFO - Defaulted moximed to PRECLINICAL (biotech without clear stage)
2025-11-16 01:54:04,704 - INFO - Defaulted multiply labs to PRECLINICAL (biotech without clear stage)
2025-11-16 01:54:04,705 - INFO - Classified murigenics as PRECLINICAL (description analysis)
2025-11-16 01:54:04,706 - INFO - Defaulted mybiosource to PRECLINICAL (biotech without clear stage)
2025-11-16 01:54:04,706 - INFO - Defaulted myogene bio to PRECLINICAL (biotech without clear stage)
2025-11-16 01:54:04,707 - INFO - Defaulted myriad genetics to PRECLINICAL (biotech without clear stage)
2025-11-16 01:54:04,708 - INFO - Defaulted nkgen biotech to PRECLINICAL (biotech without clear stage)
2025-11-16 01:54:04,709 - INFO - Classified nammi therapeutics as PHASE_I (ClinicalTrials.gov)
2025-11-16 01:54:04,710 - INFO - Processed 200 companies...
2025-11-16 01:54:04,711 - INFO - Classified nanome as PRECLINICAL (description analysis)
2025-11-16 01:54:04,712 - INFO - Defaulted nanosyn to PRECLINICAL (biotech without clear stage)
2025-11-16 01:54:04,713 - INFO - Classified navega therapeutics as PHASE_I (ClinicalTrials.gov)
2025-11-16 01:54:04,714 - INFO - Defaulted navigate biopharma to PRECLINICAL (biotech without clear stage)
2025-11-16 01:54:04,715 - INFO - Defaulted neilmed pharmaceuticals to PRECLINICAL (biotech without clear stage)
2025-11-16 01:54:04,716 - INFO - Classified nektar therapeutics as PHASE_I (ClinicalTrials.gov)
2025-11-16 01:54:04,717 - INFO - Defaulted neodyne biosciences to PRECLINICAL (biotech without clear stage)
2025-11-16 01:54:04,718 - INFO - Classified neomorph as PRECLINICAL (description analysis)
2025-11-16 01:54:04,718 - INFO - Classified neopeutics as PRECLINICAL (description analysis)
2025-11-16 01:54:04,719 - INFO - Classified neucyte as PRECLINICAL (description analysis)
2025-11-16 01:54:04,720 - INFO - Defaulted neuropace to PRECLINICAL (biotech without clear stage)
2025-11-16 01:54:04,721 - INFO - Classified neuron23 as PRECLINICAL (description analysis)
2025-11-16 01:54:04,722 - INFO - Classified neurona therapeutics as PHASE_I (ClinicalTrials.gov)
2025-11-16 01:54:04,725 - INFO - Classified nitrase therapeutics as PHASE_I (ClinicalTrials.gov)
2025-11-16 01:54:04,726 - INFO - Defaulted nitto biopharma to PRECLINICAL (biotech without clear stage)
2025-11-16 01:54:04,727 - INFO - Classified nkarta therapeutics as PHASE_I (ClinicalTrials.gov)
2025-11-16 01:54:04,728 - INFO - Defaulted norwich pharma services to PRECLINICAL (biotech without clear stage)
2025-11-16 01:54:04,729 - INFO - Classified numerion labs as PRECLINICAL (description analysis)
2025-11-16 01:54:04,730 - INFO - Classified nutcracker therapeutics as PHASE_I (ClinicalTrials.gov)
2025-11-16 01:54:04,731 - INFO - Defaulted oric pharmaceuticals to PRECLINICAL (biotech without clear stage)
2025-11-16 01:54:04,733 - INFO - Defaulted oyc americas to PRECLINICAL (biotech without clear stage)
2025-11-16 01:54:04,734 - INFO - Defaulted omniab to PRECLINICAL (biotech without clear stage)
2025-11-16 01:54:04,735 - INFO - Classified oncotracker as PRECLINICAL (description analysis)
2025-11-16 01:54:04,736 - INFO - Classified oncotelic therapeutics as PHASE_I (ClinicalTrials.gov)
2025-11-16 01:54:04,737 - INFO - Classified oncotherapeutics as PRECLINICAL (description analysis)
2025-11-16 01:54:04,738 - INFO - Defaulted ophirex to PRECLINICAL (biotech without clear stage)
2025-11-16 01:54:04,739 - INFO - Defaulted opna bio to PRECLINICAL (biotech without clear stage)
2025-11-16 01:54:04,739 - INFO - Classified optimum therapeutics as PHASE_I (ClinicalTrials.gov)
2025-11-16 01:54:04,740 - INFO - Classified orbus therapeutics as PHASE_I (ClinicalTrials.gov)
2025-11-16 01:54:04,741 - INFO - Defaulted orca bio to PRECLINICAL (biotech without clear stage)
2025-11-16 01:54:04,742 - INFO - Processed 300 companies...
2025-11-16 01:54:04,743 - INFO - Classified origami therapeutics as PHASE_I (ClinicalTrials.gov)
2025-11-16 01:54:04,743 - INFO - Classified orphagen pharmaceuticals as PRECLINICAL (description analysis)
2025-11-16 01:54:04,745 - INFO - Defaulted osel to PRECLINICAL (biotech without clear stage)
2025-11-16 01:54:04,746 - INFO - Classified oxford biotherapeutics as PHASE_I (ClinicalTrials.gov)
2025-11-16 01:54:04,747 - INFO - Classified prc clinical as PHASE_II (ClinicalTrials.gov)
2025-11-16 01:54:04,748 - INFO - Classified ptm therapeutics as PHASE_I (ClinicalTrials.gov)
2025-11-16 01:54:04,749 - INFO - Defaulted pacific biopharma logistics to PRECLINICAL (biotech without clear stage)
2025-11-16 01:54:04,750 - INFO - Defaulted pacira biosciences to PRECLINICAL (biotech without clear stage)
2025-11-16 01:54:04,752 - INFO - Defaulted agios pharmaceuticals to PRECLINICAL (biotech without clear stage)
2025-11-16 01:54:04,753 - INFO - Classified akero therapeutics as PHASE_I (ClinicalTrials.gov)
2025-11-16 01:54:04,755 - INFO - Defaulted aladdin scientific to PRECLINICAL (biotech without clear stage)
2025-11-16 01:54:04,756 - INFO - Defaulted alector to PRECLINICAL (biotech without clear stage)
2025-11-16 01:54:04,757 - INFO - Classified alexion pharmaceuticals as ACQUIRED (pattern match)
2025-11-16 01:54:04,758 - INFO - Classified aligos therapeutics as PHASE_I (ClinicalTrials.gov)
2025-11-16 01:54:04,759 - INFO - Defaulted alimentiv to PRECLINICAL (biotech without clear stage)
2025-11-16 01:54:04,760 - INFO - Classified alivamab biologics as PRECLINICAL (description analysis)
2025-11-16 01:54:04,760 - INFO - Defaulted alkahest to PRECLINICAL (biotech without clear stage)
2025-11-16 01:54:04,761 - INFO - Classified allay therapeutics as PHASE_I (ClinicalTrials.gov)
2025-11-16 01:54:04,762 - INFO - Classified allogene therapeutics as PHASE_I (ClinicalTrials.gov)
2025-11-16 01:54:04,763 - INFO - Defaulted allucent to PRECLINICAL (biotech without clear stage)
2025-11-16 01:54:04,764 - INFO - Defaulted alphalyse to PRECLINICAL (biotech without clear stage)
2025-11-16 01:54:04,764 - INFO - Defaulted alstem to PRECLINICAL (biotech without clear stage)
2025-11-16 01:54:04,765 - INFO - Defaulted altaviz to PRECLINICAL (biotech without clear stage)
2025-11-16 01:54:04,766 - INFO - Defaulted alto neuroscience to PRECLINICAL (biotech without clear stage)
2025-11-16 01:54:04,767 - INFO - Defaulted altrubio to PRECLINICAL (biotech without clear stage)
2025-11-16 01:54:04,768 - INFO - Defaulted alumis to PRECLINICAL (biotech without clear stage)
2025-11-16 01:54:04,769 - INFO - Defaulted alzheon to PRECLINICAL (biotech without clear stage)
2025-11-16 01:54:04,770 - INFO - Defaulted amador bioscience to PRECLINICAL (biotech without clear stage)
2025-11-16 01:54:04,771 - INFO - Defaulted amneal pharmaceuticals to PRECLINICAL (biotech without clear stage)
2025-11-16 01:54:04,772 - INFO - Defaulted anabios to PRECLINICAL (biotech without clear stage)
2025-11-16 01:54:04,773 - INFO - Defaulted anaptysbio to PRECLINICAL (biotech without clear stage)
2025-11-16 01:54:04,774 - INFO - Defaulted angiocrine bioscience to PRECLINICAL (biotech without clear stage)
2025-11-16 01:54:04,774 - INFO - Defaulted anixa biosciences to PRECLINICAL (biotech without clear stage)
2025-11-16 01:54:04,775 - INFO - Classified antharis therapeutics as PRECLINICAL (description analysis)
2025-11-16 01:54:04,776 - INFO - Defaulted antibody solutions to PRECLINICAL (biotech without clear stage)
2025-11-16 01:54:04,777 - INFO - Defaulted anwita biosciences to PRECLINICAL (biotech without clear stage)
2025-11-16 01:54:04,778 - INFO - Defaulted apertor pharmaceuticals to PRECLINICAL (biotech without clear stage)
2025-11-16 01:54:04,778 - INFO - Defaulted apeximmune to PRECLINICAL (biotech without clear stage)
2025-11-16 01:54:04,779 - INFO - Processed 400 companies...
2025-11-16 01:54:04,780 - INFO - Defaulted aptose biosciences to PRECLINICAL (biotech without clear stage)
2025-11-16 01:54:04,781 - INFO - Classified arcturus therapeutics as PHASE_I (ClinicalTrials.gov)
2025-11-16 01:54:04,782 - INFO - Classified arcutis biotherapeutics as PHASE_I (ClinicalTrials.gov)
2025-11-16 01:54:04,783 - INFO - Defaulted ardelyx to PRECLINICAL (biotech without clear stage)
2025-11-16 01:54:04,784 - INFO - Defaulted arena pharmaceuticals to PRECLINICAL (biotech without clear stage)
2025-11-16 01:54:04,784 - INFO - Defaulted argonaut manufacturing services to PRECLINICAL (biotech without clear stage)
2025-11-16 01:54:04,785 - INFO - Defaulted aridis pharmaceuticals to PRECLINICAL (biotech without clear stage)
2025-11-16 01:54:04,786 - INFO - Classified arisan therapeutics as PHASE_I (ClinicalTrials.gov)
2025-11-16 01:54:04,786 - INFO - Classified ark clinical research as PHASE_II (ClinicalTrials.gov)
2025-11-16 01:54:04,787 - INFO - Classified arnatar therapeutics as PHASE_I (ClinicalTrials.gov)
2025-11-16 01:54:04,789 - INFO - Defaulted arsenal biosciences to PRECLINICAL (biotech without clear stage)
2025-11-16 01:54:04,790 - INFO - Classified artery therapeutics as PHASE_I (ClinicalTrials.gov)
2025-11-16 01:54:04,791 - INFO - Classified arthrosi therapeutics as PHASE_I (ClinicalTrials.gov)
2025-11-16 01:54:04,791 - INFO - Classified artiva biotherapeutics as PHASE_I (ClinicalTrials.gov)
2025-11-16 01:54:04,792 - INFO - Defaulted ascendis pharma to PRECLINICAL (biotech without clear stage)
2025-11-16 01:54:04,793 - INFO - Classified asegua therapeutics as PHASE_I (ClinicalTrials.gov)
2025-11-16 01:54:04,794 - INFO - Classified asher biotherapeutics as PHASE_I (ClinicalTrials.gov)
2025-11-16 01:54:04,795 - INFO - Defaulted aspen neuroscience to PRECLINICAL (biotech without clear stage)
2025-11-16 01:54:04,795 - INFO - Defaulted assay biotechnology to PRECLINICAL (biotech without clear stage)
2025-11-16 01:54:04,797 - INFO - Classified astraea therapeutics as PHASE_I (ClinicalTrials.gov)
2025-11-16 01:54:04,798 - INFO - Classified atara biotherapeutics as PHASE_I (ClinicalTrials.gov)
2025-11-16 01:54:04,799 - INFO - Classified athos therapeutics as PHASE_I (ClinicalTrials.gov)
2025-11-16 01:54:04,800 - INFO - Classified atomic ai as PRECLINICAL (description analysis)
2025-11-16 01:54:04,800 - INFO - Classified attovia therapeutics as PHASE_I (ClinicalTrials.gov)
2025-11-16 01:54:04,801 - INFO - Classified augmenta bioworks as PRECLINICAL (description analysis)
2025-11-16 01:54:04,802 - INFO - Classified auransa as PRECLINICAL (description analysis)
2025-11-16 01:54:04,803 - INFO - Classified aureka biotechnologies as PRECLINICAL (description analysis)
2025-11-16 01:54:04,804 - INFO - Defaulted aurora biolabs to PRECLINICAL (biotech without clear stage)
2025-11-16 01:54:04,805 - INFO - Defaulted avacen medical to PRECLINICAL (biotech without clear stage)
2025-11-16 01:54:04,806 - INFO - Classified avantgen as PRECLINICAL (description analysis)
2025-11-16 01:54:04,807 - INFO - Defaulted avellino laboratories to PRECLINICAL (biotech without clear stage)
2025-11-16 01:54:04,807 - INFO - Classified avenzo therapeutics as PHASE_I (ClinicalTrials.gov)
2025-11-16 01:54:04,808 - INFO - Defaulted avenzoar pharmaceuticals to PRECLINICAL (biotech without clear stage)
2025-11-16 01:54:04,809 - INFO - Defaulted avidity biosciences to PRECLINICAL (biotech without clear stage)
2025-11-16 01:54:04,809 - INFO - Defaulted avirmax to PRECLINICAL (biotech without clear stage)
2025-11-16 01:54:04,811 - INFO - Classified bps bioscience as PRECLINICAL (description analysis)
2025-11-16 01:54:04,812 - INFO - Defaulted bayer biopartnering solutions to PRECLINICAL (biotech without clear stage)
2025-11-16 01:54:04,812 - INFO - Defaulted baylx to PRECLINICAL (biotech without clear stage)
2025-11-16 01:54:04,813 - INFO - Classified bayside biosciences as PRECLINICAL (description analysis)
2025-11-16 01:54:04,814 - INFO - Defaulted beone medicines to PRECLINICAL (biotech without clear stage)
2025-11-16 01:54:04,815 - INFO - Classified beam therapeutics as PHASE_I (ClinicalTrials.gov)
2025-11-16 01:54:04,816 - INFO - Classified behavioral pharma as PRECLINICAL (description analysis)
2025-11-16 01:54:04,816 - INFO - Classified belharra therapeutics as PHASE_I (ClinicalTrials.gov)
2025-11-16 01:54:04,817 - INFO - Defaulted beloteca to PRECLINICAL (biotech without clear stage)
2025-11-16 01:54:04,818 - INFO - Defaulted benchling to PRECLINICAL (biotech without clear stage)
2025-11-16 01:54:04,818 - INFO - Defaulted bexson biomedical to PRECLINICAL (biotech without clear stage)
2025-11-16 01:54:04,819 - INFO - Processed 500 companies...
2025-11-16 01:54:04,820 - INFO - Defaulted bio applied technologies joint to PRECLINICAL (biotech without clear stage)
2025-11-16 01:54:04,820 - INFO - Defaulted biocardia to PRECLINICAL (biotech without clear stage)
2025-11-16 01:54:04,822 - INFO - Defaulted biocorrx to PRECLINICAL (biotech without clear stage)
2025-11-16 01:54:04,823 - INFO - Classified bioeclipse therapeutics as PHASE_I (ClinicalTrials.gov)
2025-11-16 01:54:04,824 - INFO - Defaulted biogenex to PRECLINICAL (biotech without clear stage)
2025-11-16 01:54:04,824 - INFO - Defaulted biogrammatics to PRECLINICAL (biotech without clear stage)
2025-11-16 01:54:04,825 - INFO - Defaulted bioq pharma to PRECLINICAL (biotech without clear stage)
2025-11-16 01:54:04,826 - INFO - Defaulted biovinc to PRECLINICAL (biotech without clear stage)
2025-11-16 01:54:04,827 - INFO - Defaulted biogen to PRECLINICAL (biotech without clear stage)
2025-11-16 01:54:04,828 - INFO - Defaulted bionaut labs to PRECLINICAL (biotech without clear stage)
2025-11-16 01:54:04,829 - INFO - Defaulted bioneer to PRECLINICAL (biotech without clear stage)
2025-11-16 01:54:04,830 - INFO - Classified biora therapeutics as PHASE_I (ClinicalTrials.gov)
2025-11-16 01:54:04,831 - INFO - Classified biosplice therapeutics as PHASE_I (ClinicalTrials.gov)
2025-11-16 01:54:04,832 - INFO - Classified blossomhill therapeutics as PRECLINICAL (description analysis)
2025-11-16 01:54:04,833 - INFO - Defaulted bodyport to PRECLINICAL (biotech without clear stage)
2025-11-16 01:54:04,833 - INFO - Classified bolt biotherapeutics as PUBLIC (known company)
2025-11-16 01:54:04,834 - INFO - Defaulted boomerang medical to PRECLINICAL (biotech without clear stage)
2025-11-16 01:54:04,835 - INFO - Defaulted boundless bio to PRECLINICAL (biotech without clear stage)
2025-11-16 01:54:04,836 - INFO - Defaulted bridgene biosciences to PRECLINICAL (biotech without clear stage)
2025-11-16 01:54:04,837 - INFO - Defaulted bridgebio pharma to PRECLINICAL (biotech without clear stage)
2025-11-16 01:54:04,838 - INFO - Defaulted buto to PRECLINICAL (biotech without clear stage)
2025-11-16 01:54:04,839 - INFO - Defaulted cage bio to PRECLINICAL (biotech without clear stage)
2025-11-16 01:54:04,840 - INFO - Defaulted cho-plus to PRECLINICAL (biotech without clear stage)
2025-11-16 01:54:04,841 - INFO - Defaulted cymd to PRECLINICAL (biotech without clear stage)
2025-11-16 01:54:04,842 - INFO - Defaulted cyp450-gp to PRECLINICAL (biotech without clear stage)
2025-11-16 01:54:04,844 - INFO - Defaulted calico to PRECLINICAL (biotech without clear stage)
2025-11-16 01:54:04,845 - INFO - Classified calidi biotherapeutics as PHASE_I (ClinicalTrials.gov)
2025-11-16 01:54:04,846 - INFO - Defaulted cambrex corporation to PRECLINICAL (biotech without clear stage)
2025-11-16 01:54:04,847 - INFO - Classified capricor therapeutics as PHASE_I (ClinicalTrials.gov)
2025-11-16 01:54:04,847 - INFO - Classified capsida biotherapeutics as PHASE_I (ClinicalTrials.gov)
2025-11-16 01:54:04,848 - INFO - Classified capulus therapeutics as PHASE_I (ClinicalTrials.gov)
2025-11-16 01:54:04,849 - INFO - Defaulted cardiff oncology to PRECLINICAL (biotech without clear stage)
2025-11-16 01:54:04,850 - INFO - Defaulted cel-sci corporation to PRECLINICAL (biotech without clear stage)
2025-11-16 01:54:04,850 - INFO - Processed 600 companies...
2025-11-16 01:54:04,851 - INFO - Classified celecor therapeutics as PHASE_I (ClinicalTrials.gov)
2025-11-16 01:54:04,852 - INFO - Defaulted cellmp to PRECLINICAL (biotech without clear stage)
2025-11-16 01:54:04,853 - INFO - Defaulted cellsight technologies to PRECLINICAL (biotech without clear stage)
2025-11-16 01:54:04,853 - INFO - Defaulted cellares to PRECLINICAL (biotech without clear stage)
2025-11-16 01:54:04,854 - INFO - Defaulted cellastra to PRECLINICAL (biotech without clear stage)
2025-11-16 01:54:04,856 - INFO - Classified cellics therapeutics as PHASE_I (ClinicalTrials.gov)
2025-11-16 01:54:04,856 - INFO - Classified cello therapeutics as PHASE_I (ClinicalTrials.gov)
2025-11-16 01:54:04,858 - INFO - Defaulted celltheon to PRECLINICAL (biotech without clear stage)
2025-11-16 01:54:04,859 - INFO - Defaulted celprogen to PRECLINICAL (biotech without clear stage)
2025-11-16 01:54:04,859 - INFO - Classified cenexel clinical research as PHASE_II (ClinicalTrials.gov)
2025-11-16 01:54:04,860 - INFO - Defaulted cenna biosciences to PRECLINICAL (biotech without clear stage)
2025-11-16 01:54:04,861 - INFO - Classified cerevel therapeutics as PHASE_I (ClinicalTrials.gov)
2025-11-16 01:54:04,861 - INFO - Classified certis oncology solutions as PRECLINICAL (description analysis)
2025-11-16 01:54:04,862 - INFO - Defaulted cerus to PRECLINICAL (biotech without clear stage)
2025-11-16 01:54:04,863 - INFO - Defaulted chemdiv to PRECLINICAL (biotech without clear stage)
2025-11-16 01:54:04,863 - INFO - Classified chemveda life sciences as PRECLINICAL (description analysis)
2025-11-16 01:54:04,864 - INFO - Classified cidara therapeutics as PHASE_I (ClinicalTrials.gov)
2025-11-16 01:54:04,865 - INFO - Defaulted cipherome to PRECLINICAL (biotech without clear stage)
2025-11-16 01:54:04,865 - INFO - Defaulted circle pharma to PRECLINICAL (biotech without clear stage)
2025-11-16 01:54:04,866 - INFO - Defaulted cirsium biosciences to PRECLINICAL (biotech without clear stage)
2025-11-16 01:54:04,867 - INFO - Defaulted clara health to PRECLINICAL (biotech without clear stage)
2025-11-16 01:54:04,869 - INFO - Defaulted clindatrix to PRECLINICAL (biotech without clear stage)
2025-11-16 01:54:04,870 - INFO - Classified coastar therapeutics as PHASE_I (ClinicalTrials.gov)
2025-11-16 01:54:04,872 - INFO - Defaulted codexis to PRECLINICAL (biotech without clear stage)
2025-11-16 01:54:04,872 - INFO - Classified cognos therapeutics as PHASE_I (ClinicalTrials.gov)
2025-11-16 01:54:04,874 - INFO - Classified comparative biosciences as PRECLINICAL (description analysis)
2025-11-16 01:54:04,875 - INFO - Classified concentric analgesics as PRECLINICAL (description analysis)
2025-11-16 01:54:04,875 - INFO - Defaulted confidence pharmaceutical research to PRECLINICAL (biotech without clear stage)
2025-11-16 01:54:04,876 - INFO - Classified contineum therapeutics as PHASE_I (ClinicalTrials.gov)
2025-11-16 01:54:04,877 - INFO - Classified corcept therapeutics as PHASE_I (ClinicalTrials.gov)
2025-11-16 01:54:04,878 - INFO - Defaulted correlia biosystems to PRECLINICAL (biotech without clear stage)
2025-11-16 01:54:04,879 - INFO - Defaulted corvus pharmaceuticals to PRECLINICAL (biotech without clear stage)
2025-11-16 01:54:04,881 - INFO - Defaulted creyon bio to PRECLINICAL (biotech without clear stage)
2025-11-16 01:54:04,881 - INFO - Defaulted crown bioscience to PRECLINICAL (biotech without clear stage)
2025-11-16 01:54:04,882 - INFO - Defaulted cullgen to PRECLINICAL (biotech without clear stage)
2025-11-16 01:54:04,883 - INFO - Classified curasen therapeutics as PHASE_I (ClinicalTrials.gov)
2025-11-16 01:54:04,884 - INFO - Defaulted curebase to PRECLINICAL (biotech without clear stage)
2025-11-16 01:54:04,885 - INFO - Defaulted curematch to PRECLINICAL (biotech without clear stage)
2025-11-16 01:54:04,890 - INFO - Classified curia (company) as PRECLINICAL (description analysis)
2025-11-16 01:54:04,891 - INFO - Classified cytologics as PRECLINICAL (description analysis)
2025-11-16 01:54:04,892 - INFO - Classified cytomx therapeutics as PHASE_I (ClinicalTrials.gov)
2025-11-16 01:54:04,893 - INFO - Classified dc3 therapeutics as PRECLINICAL (description analysis)
2025-11-16 01:54:04,893 - INFO - Classified dcn dx as PLATFORM (pattern match)
2025-11-16 01:54:04,894 - INFO - Processed 700 companies...
2025-11-16 01:54:04,895 - INFO - Defaulted dark horse consulting to PRECLINICAL (biotech without clear stage)
2025-11-16 01:54:04,896 - INFO - Defaulted day one biopharmaceuticals to PRECLINICAL (biotech without clear stage)
2025-11-16 01:54:04,897 - INFO - Defaulted deep 6 ai to PRECLINICAL (biotech without clear stage)
2025-11-16 01:54:04,897 - INFO - Defaulted delpor to PRECLINICAL (biotech without clear stage)
2025-11-16 01:54:04,898 - INFO - Classified denali therapeutics as PHASE_I (ClinicalTrials.gov)
2025-11-16 01:54:04,899 - INFO - Classified denovicon therapeutics as PRECLINICAL (description analysis)
2025-11-16 01:54:04,900 - INFO - Classified dermata therapeutics as PHASE_I (ClinicalTrials.gov)
2025-11-16 01:54:04,901 - INFO - Classified diablo clinical research as PHASE_II (ClinicalTrials.gov)
2025-11-16 01:54:04,902 - INFO - Defaulted dow development labs to PRECLINICAL (biotech without clear stage)
2025-11-16 01:54:04,903 - INFO - Defaulted dren bio to PRECLINICAL (biotech without clear stage)
2025-11-16 01:54:04,904 - INFO - Defaulted durect to PRECLINICAL (biotech without clear stage)
2025-11-16 01:54:04,905 - INFO - Classified ev therapeutics as PHASE_I (ClinicalTrials.gov)
2025-11-16 01:54:04,906 - INFO - Classified exonbio as PRECLINICAL (description analysis)
2025-11-16 01:54:04,908 - INFO - Classified eigen therapeutics as PHASE_I (ClinicalTrials.gov)
2025-11-16 01:54:04,908 - INFO - Classified eikon therapeutics as PHASE_I (ClinicalTrials.gov)
2025-11-16 01:54:04,909 - INFO - Defaulted eledon pharmaceuticals to PRECLINICAL (biotech without clear stage)
2025-11-16 01:54:04,910 - INFO - Classified element as PLATFORM (pattern match)
2025-11-16 01:54:04,912 - INFO - Defaulted emergent biosolutions to PRECLINICAL (biotech without clear stage)
2025-11-16 01:54:04,913 - INFO - Defaulted emmaus life sciences to PRECLINICAL (biotech without clear stage)
2025-11-16 01:54:04,914 - INFO - Classified empirico as PRECLINICAL (description analysis)
2025-11-16 01:54:04,915 - INFO - Defaulted enable biosciences to PRECLINICAL (biotech without clear stage)
2025-11-16 01:54:04,915 - INFO - Classified encoded therapeutics as PHASE_I (ClinicalTrials.gov)
2025-11-16 01:54:04,916 - INFO - Defaulted encodia to PRECLINICAL (biotech without clear stage)
2025-11-16 01:54:04,917 - INFO - Defaulted endpoint health to PRECLINICAL (biotech without clear stage)
2025-11-16 01:54:04,918 - INFO - Defaulted ensysce biosciences to PRECLINICAL (biotech without clear stage)
2025-11-16 01:54:04,918 - INFO - Defaulted epalex to PRECLINICAL (biotech without clear stage)
2025-11-16 01:54:04,919 - INFO - Defaulted epibiologics to PRECLINICAL (biotech without clear stage)
2025-11-16 01:54:04,920 - INFO - Classified epigen biosciences as PRECLINICAL (description analysis)
2025-11-16 01:54:04,921 - INFO - Defaulted equillium to PRECLINICAL (biotech without clear stage)
2025-11-16 01:54:04,922 - INFO - Defaulted escient pharmaceuticals to PRECLINICAL (biotech without clear stage)
2025-11-16 01:54:04,922 - INFO - Classified esperion therapeutics as PHASE_I (ClinicalTrials.gov)
2025-11-16 01:54:04,923 - INFO - Classified eureka therapeutics as PHASE_I (ClinicalTrials.gov)
2025-11-16 01:54:04,924 - INFO - Classified evommune as PRECLINICAL (description analysis)
2025-11-16 01:54:04,925 - INFO - Processed 800 companies...
2025-11-16 01:54:04,926 - INFO - Defaulted excellos to PRECLINICAL (biotech without clear stage)
2025-11-16 01:54:04,926 - INFO - Classified excision biotherapeutics as PHASE_I (ClinicalTrials.gov)
2025-11-16 01:54:04,927 - INFO - Classified exelixis as COMMERCIAL (known company)
2025-11-16 01:54:04,928 - INFO - Defaulted eyepoint pharmaceuticals to PRECLINICAL (biotech without clear stage)
2025-11-16 01:54:04,929 - INFO - Classified fascinate therapeutics as PHASE_I (ClinicalTrials.gov)
2025-11-16 01:54:04,929 - INFO - Defaulted ffa sciences to PRECLINICAL (biotech without clear stage)
2025-11-16 01:54:04,930 - INFO - Defaulted fabre-kramer pharmaceuticals to PRECLINICAL (biotech without clear stage)
2025-11-16 01:54:04,930 - INFO - Defaulted farbridge pharma consulting to PRECLINICAL (biotech without clear stage)
2025-11-16 01:54:04,931 - INFO - Classified fate therapeutics as PHASE_I (ClinicalTrials.gov)
2025-11-16 01:54:04,932 - INFO - Defaulted firefly bio to PRECLINICAL (biotech without clear stage)
2025-11-16 01:54:04,933 - INFO - Defaulted foothill scientific associates to PRECLINICAL (biotech without clear stage)
2025-11-16 01:54:04,934 - INFO - Defaulted fortress biotech to PRECLINICAL (biotech without clear stage)
2025-11-16 01:54:04,935 - INFO - Defaulted frontage to PRECLINICAL (biotech without clear stage)
2025-11-16 01:54:04,935 - INFO - Defaulted g. d. searle & company to PRECLINICAL (biotech without clear stage)
2025-11-16 01:54:04,936 - INFO - Classified gatc health as PRECLINICAL (description analysis)
2025-11-16 01:54:04,937 - INFO - Classified galvanize therapeutics as PHASE_I (ClinicalTrials.gov)
2025-11-16 01:54:04,939 - INFO - Defaulted genefab to PRECLINICAL (biotech without clear stage)
2025-11-16 01:54:04,940 - INFO - Classified genentech as COMMERCIAL (known company)
2025-11-16 01:54:04,940 - INFO - Defaulted gener8 to PRECLINICAL (biotech without clear stage)
2025-11-16 01:54:04,941 - INFO - Defaulted genervon to PRECLINICAL (biotech without clear stage)
2025-11-16 01:54:04,942 - INFO - Defaulted gigagen to PRECLINICAL (biotech without clear stage)
2025-11-16 01:54:04,942 - INFO - Classified gilead as COMMERCIAL (known company)
2025-11-16 01:54:04,943 - INFO - Defaulted gilero to PRECLINICAL (biotech without clear stage)
2025-11-16 01:54:04,943 - INFO - Defaulted glycomine to PRECLINICAL (biotech without clear stage)
2025-11-16 01:54:04,944 - INFO - Defaulted gondolabio to PRECLINICAL (biotech without clear stage)
2025-11-16 01:54:04,944 - INFO - Defaulted gordian biotechnology to PRECLINICAL (biotech without clear stage)
2025-11-16 01:54:04,945 - INFO - Defaulted grace science to PRECLINICAL (biotech without clear stage)
2025-11-16 01:54:04,946 - INFO - Classified gyre therapeutics as PHASE_I (ClinicalTrials.gov)
2025-11-16 01:54:04,946 - INFO - Classified haya therapeutics as PHASE_I (ClinicalTrials.gov)
2025-11-16 01:54:04,947 - INFO - Defaulted horiba medical to PRECLINICAL (biotech without clear stage)
2025-11-16 01:54:04,948 - INFO - Defaulted hallux to PRECLINICAL (biotech without clear stage)
2025-11-16 01:54:04,949 - INFO - Classified halozyme therapeutics as PHASE_I (ClinicalTrials.gov)
2025-11-16 01:54:04,949 - INFO - Defaulted handa pharmaceuticals to PRECLINICAL (biotech without clear stage)
2025-11-16 01:54:04,950 - INFO - Defaulted herophilus to PRECLINICAL (biotech without clear stage)
2025-11-16 01:54:04,951 - INFO - Defaulted hexagon bio to PRECLINICAL (biotech without clear stage)
2025-11-16 01:54:04,951 - INFO - Defaulted hillhurst biopharmaceuticals to PRECLINICAL (biotech without clear stage)
2025-11-16 01:54:04,952 - INFO - Defaulted hinge bio to PRECLINICAL (biotech without clear stage)
2025-11-16 01:54:04,953 - INFO - Processed 900 companies...
2025-11-16 01:54:04,953 - INFO - Classified human longevity as PRECLINICAL (description analysis)
2025-11-16 01:54:04,954 - INFO - Defaulted ideaya biosciences to PRECLINICAL (biotech without clear stage)
2025-11-16 01:54:04,955 - INFO - Classified ifm therapeutics as PHASE_I (ClinicalTrials.gov)
2025-11-16 01:54:04,955 - INFO - Classified iambic therapeutics as PRECLINICAL (description analysis)
2025-11-16 01:54:04,956 - INFO - Defaulted ichor medical systems to PRECLINICAL (biotech without clear stage)
2025-11-16 01:54:04,956 - INFO - Defaulted iconovir bio to PRECLINICAL (biotech without clear stage)
2025-11-16 01:54:04,957 - INFO - Defaulted iggenix to PRECLINICAL (biotech without clear stage)
2025-11-16 01:54:04,958 - INFO - Classified immune-onc therapeutics as PHASE_I (ClinicalTrials.gov)
2025-11-16 01:54:04,959 - INFO - Defaulted immunicom to PRECLINICAL (biotech without clear stage)
2025-11-16 01:54:04,959 - INFO - Defaulted immunitybio to PRECLINICAL (biotech without clear stage)
2025-11-16 01:54:04,960 - INFO - Classified incarda therapeutics as PHASE_I (ClinicalTrials.gov)
2025-11-16 01:54:04,961 - INFO - Defaulted inclin to PRECLINICAL (biotech without clear stage)
2025-11-16 01:54:04,961 - INFO - Defaulted inari medical to PRECLINICAL (biotech without clear stage)
2025-11-16 01:54:04,962 - INFO - Defaulted indi molecular to PRECLINICAL (biotech without clear stage)
2025-11-16 01:54:04,963 - INFO - Defaulted infinimmune to PRECLINICAL (biotech without clear stage)
2025-11-16 01:54:04,963 - INFO - Defaulted inhibrx biosciences to PRECLINICAL (biotech without clear stage)
2025-11-16 01:54:04,964 - INFO - Defaulted injectsense to PRECLINICAL (biotech without clear stage)
2025-11-16 01:54:04,965 - INFO - Classified innovo therapeutics as PRECLINICAL (description analysis)
2025-11-16 01:54:04,965 - INFO - Classified intarcia therapeutics as PHASE_I (ClinicalTrials.gov)
2025-11-16 01:54:04,967 - INFO - Defaulted integrated research associates to PRECLINICAL (biotech without clear stage)
2025-11-16 01:54:04,967 - INFO - Defaulted intraop medical to PRECLINICAL (biotech without clear stage)
2025-11-16 01:54:04,968 - INFO - Defaulted intratus to PRECLINICAL (biotech without clear stage)
2025-11-16 01:54:04,970 - INFO - Classified invitrx therapeutics as PHASE_I (ClinicalTrials.gov)
2025-11-16 01:54:04,971 - INFO - Classified iovance biotherapeutics as PHASE_I (ClinicalTrials.gov)
2025-11-16 01:54:04,972 - INFO - Classified irvine clinical research as PHASE_II (ClinicalTrials.gov)
2025-11-16 01:54:04,973 - INFO - Classified jaan biotherapeutics as PHASE_I (ClinicalTrials.gov)
2025-11-16 01:54:04,973 - INFO - Defaulted jadebio to PRECLINICAL (biotech without clear stage)
2025-11-16 01:54:04,974 - INFO - Classified janux therapeutics as PHASE_I (ClinicalTrials.gov)
2025-11-16 01:54:04,975 - INFO - Classified jasper therapeutics as PHASE_I (ClinicalTrials.gov)
2025-11-16 01:54:04,976 - INFO - Classified juno therapeutics as PHASE_I (ClinicalTrials.gov)
2025-11-16 01:54:04,977 - INFO - Classified juvena therapeutics as PHASE_I (ClinicalTrials.gov)
2025-11-16 01:54:04,978 - INFO - Defaulted kb medical group to PRECLINICAL (biotech without clear stage)
2025-11-16 01:54:04,979 - INFO - Classified kaer biotherapeutics as PHASE_I (ClinicalTrials.gov)
2025-11-16 01:54:04,980 - INFO - Classified kannalife as ACQUIRED (pattern match)
2025-11-16 01:54:04,982 - INFO - Defaulted kodiak sciences to PRECLINICAL (biotech without clear stage)
2025-11-16 01:54:04,983 - INFO - Classified kriya therapeutics as PHASE_I (ClinicalTrials.gov)
2025-11-16 01:54:04,984 - INFO - Classified kyowa hakko kirin as PRECLINICAL (description analysis)
2025-11-16 01:54:04,984 - INFO - Classified kyverna therapeutics as PHASE_I (ClinicalTrials.gov)
2025-11-16 01:54:04,985 - INFO - Classified lenz therapeutics as PHASE_I (ClinicalTrials.gov)
2025-11-16 01:54:04,986 - INFO - Processed 1000 companies...
2025-11-16 01:54:04,987 - INFO - Defaulted lgm pharma to PRECLINICAL (biotech without clear stage)
2025-11-16 01:54:04,998 - INFO - Report generated: ../reports/stage_classification_report.md
2025-11-16 01:54:04,998 - INFO - Classification complete. Output saved to ../../data/working/companies_with_stages.csv
2025-11-16 01:54:04,999 - INFO - Classified 377/1002 companies (37.6%)
2025-11-16 01:54:05,000 - INFO - Stage classification completed successfully
2025-11-16 01:54:51,746 - INFO - Starting classification of /mnt/c/Users/shirk/Documents/Adulting/EastBayBiotechMap/data/working/companies_enriched_final.csv
2025-11-16 01:54:51,755 - INFO - Classified 10x genomics as PUBLIC (known company)
2025-11-16 01:54:51,756 - INFO - Classified 4d molecular therapeutics as PHASE_I (ClinicalTrials.gov)
2025-11-16 01:54:51,756 - INFO - Defaulted 89bio to PRECLINICAL (biotech without clear stage)
2025-11-16 01:54:51,757 - INFO - Defaulted act biotech inc to PRECLINICAL (biotech without clear stage)
2025-11-16 01:54:51,758 - INFO - Defaulted adarx pharmaceuticals to PRECLINICAL (biotech without clear stage)
2025-11-16 01:54:51,759 - INFO - Defaulted adrx to PRECLINICAL (biotech without clear stage)
2025-11-16 01:54:51,759 - INFO - Defaulted aeon biopharma to PRECLINICAL (biotech without clear stage)
2025-11-16 01:54:51,760 - INFO - Defaulted aivita biomedical to PRECLINICAL (biotech without clear stage)
2025-11-16 01:54:51,761 - INFO - Defaulted alx oncology to PRECLINICAL (biotech without clear stage)
2025-11-16 01:54:51,762 - INFO - Classified an2 therapeutics as PHASE_I (ClinicalTrials.gov)
2025-11-16 01:54:51,762 - INFO - Classified apstem therapeutics as PHASE_I (ClinicalTrials.gov)
2025-11-16 01:54:51,763 - INFO - Defaulted atum to PRECLINICAL (biotech without clear stage)
2025-11-16 01:54:51,764 - INFO - Classified aardvark therapeutics as PHASE_I (ClinicalTrials.gov)
2025-11-16 01:54:51,764 - INFO - Classified aarvik therapeutics as PHASE_I (ClinicalTrials.gov)
2025-11-16 01:54:51,765 - INFO - Defaulted ab studio to PRECLINICAL (biotech without clear stage)
2025-11-16 01:54:51,765 - INFO - Classified abtherx as PRECLINICAL (description analysis)
2025-11-16 01:54:51,766 - INFO - Defaulted abalone bio to PRECLINICAL (biotech without clear stage)
2025-11-16 01:54:51,767 - INFO - Defaulted abbomax to PRECLINICAL (biotech without clear stage)
2025-11-16 01:54:51,769 - INFO - Classified abilita therapeutics as PHASE_I (ClinicalTrials.gov)
2025-11-16 01:54:51,770 - INFO - Classified ablexis as PRECLINICAL (description analysis)
2025-11-16 01:54:51,771 - INFO - Classified abterra biosciences as PRECLINICAL (description analysis)
2025-11-16 01:54:51,772 - INFO - Defaulted accurus biosciences to PRECLINICAL (biotech without clear stage)
2025-11-16 01:54:51,773 - INFO - Defaulted acelabio to PRECLINICAL (biotech without clear stage)
2025-11-16 01:54:51,774 - INFO - Defaulted acepodia to PRECLINICAL (biotech without clear stage)
2025-11-16 01:54:51,775 - INFO - Classified acrobat genomics as PRECLINICAL (description analysis)
2025-11-16 01:54:51,775 - INFO - Defaulted acurastem to PRECLINICAL (biotech without clear stage)
2025-11-16 01:54:51,776 - INFO - Classified adcentrx therapeutics as PHASE_I (ClinicalTrials.gov)
2025-11-16 01:54:51,778 - INFO - Defaulted advanced protein production to PRECLINICAL (biotech without clear stage)
2025-11-16 01:54:51,778 - INFO - Defaulted advansta to PRECLINICAL (biotech without clear stage)
2025-11-16 01:54:51,780 - INFO - Defaulted adverum biotechnologies to PRECLINICAL (biotech without clear stage)
2025-11-16 01:54:51,780 - INFO - Defaulted afecta pharmaceuticals to PRECLINICAL (biotech without clear stage)
2025-11-16 01:54:51,781 - INFO - Defaulted levena biopharma to PRECLINICAL (biotech without clear stage)
2025-11-16 01:54:51,782 - INFO - Defaulted lexicon pharmaceuticals to PRECLINICAL (biotech without clear stage)
2025-11-16 01:54:51,783 - INFO - Classified light horse therapeutics as PRECLINICAL (description analysis)
2025-11-16 01:54:51,784 - INFO - Defaulted limflow to PRECLINICAL (biotech without clear stage)
2025-11-16 01:54:51,784 - INFO - Defaulted limb preservation platform to PRECLINICAL (biotech without clear stage)
2025-11-16 01:54:51,785 - INFO - Defaulted linatech to PRECLINICAL (biotech without clear stage)
2025-11-16 01:54:51,785 - INFO - Defaulted link cell therapies to PRECLINICAL (biotech without clear stage)
2025-11-16 01:54:51,786 - INFO - Classified liquid biosciences as PRECLINICAL (description analysis)
2025-11-16 01:54:51,787 - INFO - Processed 100 companies...
2025-11-16 01:54:51,788 - INFO - Defaulted locus biosciences to PRECLINICAL (biotech without clear stage)
2025-11-16 01:54:51,789 - INFO - Classified lotus clinical research as PHASE_II (ClinicalTrials.gov)
2025-11-16 01:54:51,790 - INFO - Defaulted lumenis to PRECLINICAL (biotech without clear stage)
2025-11-16 01:54:51,790 - INFO - Defaulted lundbeck seattle biopharmaceuticals to PRECLINICAL (biotech without clear stage)
2025-11-16 01:54:51,791 - INFO - Classified lycia therapeutics as PHASE_I (ClinicalTrials.gov)
2025-11-16 01:54:51,793 - INFO - Classified mbrace therapeutics as PRECLINICAL (description analysis)
2025-11-16 01:54:51,793 - INFO - Defaulted mclab to PRECLINICAL (biotech without clear stage)
2025-11-16 01:54:51,794 - INFO - Defaulted machaon diagnostics to PRECLINICAL (biotech without clear stage)
2025-11-16 01:54:51,795 - INFO - Defaulted magnus medical to PRECLINICAL (biotech without clear stage)
2025-11-16 01:54:51,796 - INFO - Defaulted mannkind to PRECLINICAL (biotech without clear stage)
2025-11-16 01:54:51,796 - INFO - Defaulted mapp biopharmaceutical to PRECLINICAL (biotech without clear stage)
2025-11-16 01:54:51,797 - INFO - Defaulted matrix biomed to PRECLINICAL (biotech without clear stage)
2025-11-16 01:54:51,798 - INFO - Defaulted maxygen (2) to PRECLINICAL (biotech without clear stage)
2025-11-16 01:54:51,799 - INFO - Classified maze therapeutics as PHASE_I (ClinicalTrials.gov)
2025-11-16 01:54:51,800 - INFO - Defaulted mcguff companies to PRECLINICAL (biotech without clear stage)
2025-11-16 01:54:51,800 - INFO - Defaulted mckesson corporation to PRECLINICAL (biotech without clear stage)
2025-11-16 01:54:51,801 - INFO - Defaulted medable to PRECLINICAL (biotech without clear stage)
2025-11-16 01:54:51,802 - INFO - Classified medeor therapeutics as PHASE_I (ClinicalTrials.gov)
2025-11-16 01:54:51,802 - INFO - Defaulted mediprint ophthalmics to PRECLINICAL (biotech without clear stage)
2025-11-16 01:54:51,804 - INFO - Defaulted meditrina to PRECLINICAL (biotech without clear stage)
2025-11-16 01:54:51,805 - INFO - Defaulted medrio to PRECLINICAL (biotech without clear stage)
2025-11-16 01:54:51,806 - INFO - Classified melinta therapeutics as PHASE_I (ClinicalTrials.gov)
2025-11-16 01:54:51,806 - INFO - Classified melior discovery as PRECLINICAL (description analysis)
2025-11-16 01:54:51,807 - INFO - Defaulted metagenomi to PRECLINICAL (biotech without clear stage)
2025-11-16 01:54:51,809 - INFO - Defaulted milliporesigma to PRECLINICAL (biotech without clear stage)
2025-11-16 01:54:51,810 - INFO - Defaulted mingsight pharmaceuticals to PRECLINICAL (biotech without clear stage)
2025-11-16 01:54:51,811 - INFO - Defaulted molecular devices to PRECLINICAL (biotech without clear stage)
2025-11-16 01:54:51,811 - INFO - Defaulted molecular instruments to PRECLINICAL (biotech without clear stage)
2025-11-16 01:54:51,812 - INFO - Defaulted molsoft to PRECLINICAL (biotech without clear stage)
2025-11-16 01:54:51,813 - INFO - Classified moonwalk biosciences as PRECLINICAL (description analysis)
2025-11-16 01:54:51,813 - INFO - Defaulted moximed to PRECLINICAL (biotech without clear stage)
2025-11-16 01:54:51,814 - INFO - Defaulted multiply labs to PRECLINICAL (biotech without clear stage)
2025-11-16 01:54:51,815 - INFO - Classified murigenics as PRECLINICAL (description analysis)
2025-11-16 01:54:51,815 - INFO - Defaulted mybiosource to PRECLINICAL (biotech without clear stage)
2025-11-16 01:54:51,816 - INFO - Defaulted myogene bio to PRECLINICAL (biotech without clear stage)
2025-11-16 01:54:51,816 - INFO - Defaulted myriad genetics to PRECLINICAL (biotech without clear stage)
2025-11-16 01:54:51,817 - INFO - Defaulted nkgen biotech to PRECLINICAL (biotech without clear stage)
2025-11-16 01:54:51,818 - INFO - Classified nammi therapeutics as PHASE_I (ClinicalTrials.gov)
2025-11-16 01:54:51,818 - INFO - Processed 200 companies...
2025-11-16 01:54:51,819 - INFO - Classified nanome as PRECLINICAL (description analysis)
2025-11-16 01:54:51,820 - INFO - Defaulted nanosyn to PRECLINICAL (biotech without clear stage)
2025-11-16 01:54:51,821 - INFO - Classified navega therapeutics as PHASE_I (ClinicalTrials.gov)
2025-11-16 01:54:51,822 - INFO - Defaulted navigate biopharma to PRECLINICAL (biotech without clear stage)
2025-11-16 01:54:51,823 - INFO - Defaulted neilmed pharmaceuticals to PRECLINICAL (biotech without clear stage)
2025-11-16 01:54:51,824 - INFO - Classified nektar therapeutics as PHASE_I (ClinicalTrials.gov)
2025-11-16 01:54:51,824 - INFO - Defaulted neodyne biosciences to PRECLINICAL (biotech without clear stage)
2025-11-16 01:54:51,825 - INFO - Classified neomorph as PRECLINICAL (description analysis)
2025-11-16 01:54:51,826 - INFO - Classified neopeutics as PRECLINICAL (description analysis)
2025-11-16 01:54:51,826 - INFO - Classified neucyte as PRECLINICAL (description analysis)
2025-11-16 01:54:51,827 - INFO - Defaulted neuropace to PRECLINICAL (biotech without clear stage)
2025-11-16 01:54:51,828 - INFO - Classified neuron23 as PRECLINICAL (description analysis)
2025-11-16 01:54:51,829 - INFO - Classified neurona therapeutics as PHASE_I (ClinicalTrials.gov)
2025-11-16 01:54:51,832 - INFO - Classified nitrase therapeutics as PHASE_I (ClinicalTrials.gov)
2025-11-16 01:54:51,833 - INFO - Defaulted nitto biopharma to PRECLINICAL (biotech without clear stage)
2025-11-16 01:54:51,834 - INFO - Classified nkarta therapeutics as PHASE_I (ClinicalTrials.gov)
2025-11-16 01:54:51,835 - INFO - Defaulted norwich pharma services to PRECLINICAL (biotech without clear stage)
2025-11-16 01:54:51,836 - INFO - Classified numerion labs as PRECLINICAL (description analysis)
2025-11-16 01:54:51,837 - INFO - Classified nutcracker therapeutics as PHASE_I (ClinicalTrials.gov)
2025-11-16 01:54:51,839 - INFO - Defaulted oric pharmaceuticals to PRECLINICAL (biotech without clear stage)
2025-11-16 01:54:51,840 - INFO - Defaulted oyc americas to PRECLINICAL (biotech without clear stage)
2025-11-16 01:54:51,841 - INFO - Defaulted omniab to PRECLINICAL (biotech without clear stage)
2025-11-16 01:54:51,843 - INFO - Classified oncotracker as PRECLINICAL (description analysis)
2025-11-16 01:54:51,844 - INFO - Classified oncotelic therapeutics as PHASE_I (ClinicalTrials.gov)
2025-11-16 01:54:51,844 - INFO - Classified oncotherapeutics as PRECLINICAL (description analysis)
2025-11-16 01:54:51,845 - INFO - Defaulted ophirex to PRECLINICAL (biotech without clear stage)
2025-11-16 01:54:51,846 - INFO - Defaulted opna bio to PRECLINICAL (biotech without clear stage)
2025-11-16 01:54:51,847 - INFO - Classified optimum therapeutics as PHASE_I (ClinicalTrials.gov)
2025-11-16 01:54:51,848 - INFO - Classified orbus therapeutics as PHASE_I (ClinicalTrials.gov)
2025-11-16 01:54:51,848 - INFO - Defaulted orca bio to PRECLINICAL (biotech without clear stage)
2025-11-16 01:54:51,849 - INFO - Processed 300 companies...
2025-11-16 01:54:51,850 - INFO - Classified origami therapeutics as PHASE_I (ClinicalTrials.gov)
2025-11-16 01:54:51,851 - INFO - Classified orphagen pharmaceuticals as PRECLINICAL (description analysis)
2025-11-16 01:54:51,853 - INFO - Defaulted osel to PRECLINICAL (biotech without clear stage)
2025-11-16 01:54:51,854 - INFO - Classified oxford biotherapeutics as PHASE_I (ClinicalTrials.gov)
2025-11-16 01:54:51,855 - INFO - Classified prc clinical as PHASE_II (ClinicalTrials.gov)
2025-11-16 01:54:51,856 - INFO - Classified ptm therapeutics as PHASE_I (ClinicalTrials.gov)
2025-11-16 01:54:51,857 - INFO - Defaulted pacific biopharma logistics to PRECLINICAL (biotech without clear stage)
2025-11-16 01:54:51,858 - INFO - Defaulted pacira biosciences to PRECLINICAL (biotech without clear stage)
2025-11-16 01:54:51,859 - INFO - Defaulted agios pharmaceuticals to PRECLINICAL (biotech without clear stage)
2025-11-16 01:54:51,860 - INFO - Classified akero therapeutics as PHASE_I (ClinicalTrials.gov)
2025-11-16 01:54:51,861 - INFO - Defaulted aladdin scientific to PRECLINICAL (biotech without clear stage)
2025-11-16 01:54:51,862 - INFO - Defaulted alector to PRECLINICAL (biotech without clear stage)
2025-11-16 01:54:51,864 - INFO - Classified alexion pharmaceuticals as ACQUIRED (pattern match)
2025-11-16 01:54:51,865 - INFO - Classified aligos therapeutics as PHASE_I (ClinicalTrials.gov)
2025-11-16 01:54:51,865 - INFO - Defaulted alimentiv to PRECLINICAL (biotech without clear stage)
2025-11-16 01:54:51,866 - INFO - Classified alivamab biologics as PRECLINICAL (description analysis)
2025-11-16 01:54:51,867 - INFO - Defaulted alkahest to PRECLINICAL (biotech without clear stage)
2025-11-16 01:54:51,868 - INFO - Classified allay therapeutics as PHASE_I (ClinicalTrials.gov)
2025-11-16 01:54:51,869 - INFO - Classified allogene therapeutics as PHASE_I (ClinicalTrials.gov)
2025-11-16 01:54:51,870 - INFO - Defaulted allucent to PRECLINICAL (biotech without clear stage)
2025-11-16 01:54:51,871 - INFO - Defaulted alphalyse to PRECLINICAL (biotech without clear stage)
2025-11-16 01:54:51,872 - INFO - Defaulted alstem to PRECLINICAL (biotech without clear stage)
2025-11-16 01:54:51,873 - INFO - Defaulted altaviz to PRECLINICAL (biotech without clear stage)
2025-11-16 01:54:51,874 - INFO - Defaulted alto neuroscience to PRECLINICAL (biotech without clear stage)
2025-11-16 01:54:51,874 - INFO - Defaulted altrubio to PRECLINICAL (biotech without clear stage)
2025-11-16 01:54:51,875 - INFO - Defaulted alumis to PRECLINICAL (biotech without clear stage)
2025-11-16 01:54:51,877 - INFO - Defaulted alzheon to PRECLINICAL (biotech without clear stage)
2025-11-16 01:54:51,877 - INFO - Defaulted amador bioscience to PRECLINICAL (biotech without clear stage)
2025-11-16 01:54:51,878 - INFO - Defaulted amneal pharmaceuticals to PRECLINICAL (biotech without clear stage)
2025-11-16 01:54:51,880 - INFO - Defaulted anabios to PRECLINICAL (biotech without clear stage)
2025-11-16 01:54:51,881 - INFO - Defaulted anaptysbio to PRECLINICAL (biotech without clear stage)
2025-11-16 01:54:51,882 - INFO - Defaulted angiocrine bioscience to PRECLINICAL (biotech without clear stage)
2025-11-16 01:54:51,883 - INFO - Defaulted anixa biosciences to PRECLINICAL (biotech without clear stage)
2025-11-16 01:54:51,884 - INFO - Classified antharis therapeutics as PRECLINICAL (description analysis)
2025-11-16 01:54:51,885 - INFO - Defaulted antibody solutions to PRECLINICAL (biotech without clear stage)
2025-11-16 01:54:51,886 - INFO - Defaulted anwita biosciences to PRECLINICAL (biotech without clear stage)
2025-11-16 01:54:51,888 - INFO - Defaulted apertor pharmaceuticals to PRECLINICAL (biotech without clear stage)
2025-11-16 01:54:51,888 - INFO - Defaulted apeximmune to PRECLINICAL (biotech without clear stage)
2025-11-16 01:54:51,889 - INFO - Processed 400 companies...
2025-11-16 01:54:51,890 - INFO - Defaulted aptose biosciences to PRECLINICAL (biotech without clear stage)
2025-11-16 01:54:51,892 - INFO - Classified arcturus therapeutics as PHASE_I (ClinicalTrials.gov)
2025-11-16 01:54:51,893 - INFO - Classified arcutis biotherapeutics as PHASE_I (ClinicalTrials.gov)
2025-11-16 01:54:51,894 - INFO - Defaulted ardelyx to PRECLINICAL (biotech without clear stage)
2025-11-16 01:54:51,894 - INFO - Defaulted arena pharmaceuticals to PRECLINICAL (biotech without clear stage)
2025-11-16 01:54:51,895 - INFO - Defaulted argonaut manufacturing services to PRECLINICAL (biotech without clear stage)
2025-11-16 01:54:51,896 - INFO - Defaulted aridis pharmaceuticals to PRECLINICAL (biotech without clear stage)
2025-11-16 01:54:51,896 - INFO - Classified arisan therapeutics as PHASE_I (ClinicalTrials.gov)
2025-11-16 01:54:51,897 - INFO - Classified ark clinical research as PHASE_II (ClinicalTrials.gov)
2025-11-16 01:54:51,898 - INFO - Classified arnatar therapeutics as PHASE_I (ClinicalTrials.gov)
2025-11-16 01:54:51,899 - INFO - Defaulted arsenal biosciences to PRECLINICAL (biotech without clear stage)
2025-11-16 01:54:51,900 - INFO - Classified artery therapeutics as PHASE_I (ClinicalTrials.gov)
2025-11-16 01:54:51,900 - INFO - Classified arthrosi therapeutics as PHASE_I (ClinicalTrials.gov)
2025-11-16 01:54:51,901 - INFO - Classified artiva biotherapeutics as PHASE_I (ClinicalTrials.gov)
2025-11-16 01:54:51,902 - INFO - Defaulted ascendis pharma to PRECLINICAL (biotech without clear stage)
2025-11-16 01:54:51,902 - INFO - Classified asegua therapeutics as PHASE_I (ClinicalTrials.gov)
2025-11-16 01:54:51,903 - INFO - Classified asher biotherapeutics as PHASE_I (ClinicalTrials.gov)
2025-11-16 01:54:51,904 - INFO - Defaulted aspen neuroscience to PRECLINICAL (biotech without clear stage)
2025-11-16 01:54:51,905 - INFO - Defaulted assay biotechnology to PRECLINICAL (biotech without clear stage)
2025-11-16 01:54:51,906 - INFO - Classified astraea therapeutics as PHASE_I (ClinicalTrials.gov)
2025-11-16 01:54:51,907 - INFO - Classified atara biotherapeutics as PHASE_I (ClinicalTrials.gov)
2025-11-16 01:54:51,908 - INFO - Classified athos therapeutics as PHASE_I (ClinicalTrials.gov)
2025-11-16 01:54:51,909 - INFO - Classified atomic ai as PRECLINICAL (description analysis)
2025-11-16 01:54:51,910 - INFO - Classified attovia therapeutics as PHASE_I (ClinicalTrials.gov)
2025-11-16 01:54:51,910 - INFO - Classified augmenta bioworks as PRECLINICAL (description analysis)
2025-11-16 01:54:51,911 - INFO - Classified auransa as PRECLINICAL (description analysis)
2025-11-16 01:54:51,912 - INFO - Classified aureka biotechnologies as PRECLINICAL (description analysis)
2025-11-16 01:54:51,913 - INFO - Defaulted aurora biolabs to PRECLINICAL (biotech without clear stage)
2025-11-16 01:54:51,914 - INFO - Defaulted avacen medical to PRECLINICAL (biotech without clear stage)
2025-11-16 01:54:51,915 - INFO - Classified avantgen as PRECLINICAL (description analysis)
2025-11-16 01:54:51,916 - INFO - Defaulted avellino laboratories to PRECLINICAL (biotech without clear stage)
2025-11-16 01:54:51,916 - INFO - Classified avenzo therapeutics as PHASE_I (ClinicalTrials.gov)
2025-11-16 01:54:51,917 - INFO - Defaulted avenzoar pharmaceuticals to PRECLINICAL (biotech without clear stage)
2025-11-16 01:54:51,918 - INFO - Defaulted avidity biosciences to PRECLINICAL (biotech without clear stage)
2025-11-16 01:54:51,919 - INFO - Defaulted avirmax to PRECLINICAL (biotech without clear stage)
2025-11-16 01:54:51,921 - INFO - Classified bps bioscience as PRECLINICAL (description analysis)
2025-11-16 01:54:51,922 - INFO - Defaulted bayer biopartnering solutions to PRECLINICAL (biotech without clear stage)
2025-11-16 01:54:51,923 - INFO - Defaulted baylx to PRECLINICAL (biotech without clear stage)
2025-11-16 01:54:51,923 - INFO - Classified bayside biosciences as PRECLINICAL (description analysis)
2025-11-16 01:54:51,924 - INFO - Defaulted beone medicines to PRECLINICAL (biotech without clear stage)
2025-11-16 01:54:51,925 - INFO - Classified beam therapeutics as PHASE_I (ClinicalTrials.gov)
2025-11-16 01:54:51,926 - INFO - Classified behavioral pharma as PRECLINICAL (description analysis)
2025-11-16 01:54:51,927 - INFO - Classified belharra therapeutics as PHASE_I (ClinicalTrials.gov)
2025-11-16 01:54:51,927 - INFO - Defaulted beloteca to PRECLINICAL (biotech without clear stage)
2025-11-16 01:54:51,928 - INFO - Defaulted benchling to PRECLINICAL (biotech without clear stage)
2025-11-16 01:54:51,929 - INFO - Defaulted bexson biomedical to PRECLINICAL (biotech without clear stage)
2025-11-16 01:54:51,930 - INFO - Processed 500 companies...
2025-11-16 01:54:51,930 - INFO - Defaulted bio applied technologies joint to PRECLINICAL (biotech without clear stage)
2025-11-16 01:54:51,931 - INFO - Defaulted biocardia to PRECLINICAL (biotech without clear stage)
2025-11-16 01:54:51,932 - INFO - Defaulted biocorrx to PRECLINICAL (biotech without clear stage)
2025-11-16 01:54:51,933 - INFO - Classified bioeclipse therapeutics as PHASE_I (ClinicalTrials.gov)
2025-11-16 01:54:51,934 - INFO - Defaulted biogenex to PRECLINICAL (biotech without clear stage)
2025-11-16 01:54:51,934 - INFO - Defaulted biogrammatics to PRECLINICAL (biotech without clear stage)
2025-11-16 01:54:51,935 - INFO - Defaulted bioq pharma to PRECLINICAL (biotech without clear stage)
2025-11-16 01:54:51,937 - INFO - Defaulted biovinc to PRECLINICAL (biotech without clear stage)
2025-11-16 01:54:51,938 - INFO - Defaulted biogen to PRECLINICAL (biotech without clear stage)
2025-11-16 01:54:51,939 - INFO - Defaulted bionaut labs to PRECLINICAL (biotech without clear stage)
2025-11-16 01:54:51,939 - INFO - Defaulted bioneer to PRECLINICAL (biotech without clear stage)
2025-11-16 01:54:51,940 - INFO - Classified biora therapeutics as PHASE_I (ClinicalTrials.gov)
2025-11-16 01:54:51,941 - INFO - Classified biosplice therapeutics as PHASE_I (ClinicalTrials.gov)
2025-11-16 01:54:51,943 - INFO - Classified blossomhill therapeutics as PRECLINICAL (description analysis)
2025-11-16 01:54:51,944 - INFO - Defaulted bodyport to PRECLINICAL (biotech without clear stage)
2025-11-16 01:54:51,945 - INFO - Classified bolt biotherapeutics as PUBLIC (known company)
2025-11-16 01:54:51,946 - INFO - Defaulted boomerang medical to PRECLINICAL (biotech without clear stage)
2025-11-16 01:54:51,947 - INFO - Defaulted boundless bio to PRECLINICAL (biotech without clear stage)
2025-11-16 01:54:51,948 - INFO - Defaulted bridgene biosciences to PRECLINICAL (biotech without clear stage)
2025-11-16 01:54:51,948 - INFO - Defaulted bridgebio pharma to PRECLINICAL (biotech without clear stage)
2025-11-16 01:54:51,949 - INFO - Defaulted buto to PRECLINICAL (biotech without clear stage)
2025-11-16 01:54:51,950 - INFO - Defaulted cage bio to PRECLINICAL (biotech without clear stage)
2025-11-16 01:54:51,951 - INFO - Defaulted cho-plus to PRECLINICAL (biotech without clear stage)
2025-11-16 01:54:51,952 - INFO - Defaulted cymd to PRECLINICAL (biotech without clear stage)
2025-11-16 01:54:51,952 - INFO - Defaulted cyp450-gp to PRECLINICAL (biotech without clear stage)
2025-11-16 01:54:51,955 - INFO - Defaulted calico to PRECLINICAL (biotech without clear stage)
2025-11-16 01:54:51,956 - INFO - Classified calidi biotherapeutics as PHASE_I (ClinicalTrials.gov)
2025-11-16 01:54:51,957 - INFO - Defaulted cambrex corporation to PRECLINICAL (biotech without clear stage)
2025-11-16 01:54:51,957 - INFO - Classified capricor therapeutics as PHASE_I (ClinicalTrials.gov)
2025-11-16 01:54:51,958 - INFO - Classified capsida biotherapeutics as PHASE_I (ClinicalTrials.gov)
2025-11-16 01:54:51,959 - INFO - Classified capulus therapeutics as PHASE_I (ClinicalTrials.gov)
2025-11-16 01:54:51,960 - INFO - Defaulted cardiff oncology to PRECLINICAL (biotech without clear stage)
2025-11-16 01:54:51,961 - INFO - Defaulted cel-sci corporation to PRECLINICAL (biotech without clear stage)
2025-11-16 01:54:51,961 - INFO - Processed 600 companies...
2025-11-16 01:54:51,962 - INFO - Classified celecor therapeutics as PHASE_I (ClinicalTrials.gov)
2025-11-16 01:54:51,963 - INFO - Defaulted cellmp to PRECLINICAL (biotech without clear stage)
2025-11-16 01:54:51,964 - INFO - Defaulted cellsight technologies to PRECLINICAL (biotech without clear stage)
2025-11-16 01:54:51,964 - INFO - Defaulted cellares to PRECLINICAL (biotech without clear stage)
2025-11-16 01:54:51,965 - INFO - Defaulted cellastra to PRECLINICAL (biotech without clear stage)
2025-11-16 01:54:51,966 - INFO - Classified cellics therapeutics as PHASE_I (ClinicalTrials.gov)
2025-11-16 01:54:51,967 - INFO - Classified cello therapeutics as PHASE_I (ClinicalTrials.gov)
2025-11-16 01:54:51,968 - INFO - Defaulted celltheon to PRECLINICAL (biotech without clear stage)
2025-11-16 01:54:51,969 - INFO - Defaulted celprogen to PRECLINICAL (biotech without clear stage)
2025-11-16 01:54:51,970 - INFO - Classified cenexel clinical research as PHASE_II (ClinicalTrials.gov)
2025-11-16 01:54:51,971 - INFO - Defaulted cenna biosciences to PRECLINICAL (biotech without clear stage)
2025-11-16 01:54:51,972 - INFO - Classified cerevel therapeutics as PHASE_I (ClinicalTrials.gov)
2025-11-16 01:54:51,973 - INFO - Classified certis oncology solutions as PRECLINICAL (description analysis)
2025-11-16 01:54:51,973 - INFO - Defaulted cerus to PRECLINICAL (biotech without clear stage)
2025-11-16 01:54:51,974 - INFO - Defaulted chemdiv to PRECLINICAL (biotech without clear stage)
2025-11-16 01:54:51,975 - INFO - Classified chemveda life sciences as PRECLINICAL (description analysis)
2025-11-16 01:54:51,976 - INFO - Classified cidara therapeutics as PHASE_I (ClinicalTrials.gov)
2025-11-16 01:54:51,976 - INFO - Defaulted cipherome to PRECLINICAL (biotech without clear stage)
2025-11-16 01:54:51,977 - INFO - Defaulted circle pharma to PRECLINICAL (biotech without clear stage)
2025-11-16 01:54:51,977 - INFO - Defaulted cirsium biosciences to PRECLINICAL (biotech without clear stage)
2025-11-16 01:54:51,978 - INFO - Defaulted clara health to PRECLINICAL (biotech without clear stage)
2025-11-16 01:54:51,980 - INFO - Defaulted clindatrix to PRECLINICAL (biotech without clear stage)
2025-11-16 01:54:51,980 - INFO - Classified coastar therapeutics as PHASE_I (ClinicalTrials.gov)
2025-11-16 01:54:51,982 - INFO - Defaulted codexis to PRECLINICAL (biotech without clear stage)
2025-11-16 01:54:51,982 - INFO - Classified cognos therapeutics as PHASE_I (ClinicalTrials.gov)
2025-11-16 01:54:51,983 - INFO - Classified comparative biosciences as PRECLINICAL (description analysis)
2025-11-16 01:54:51,984 - INFO - Classified concentric analgesics as PRECLINICAL (description analysis)
2025-11-16 01:54:51,984 - INFO - Defaulted confidence pharmaceutical research to PRECLINICAL (biotech without clear stage)
2025-11-16 01:54:51,985 - INFO - Classified contineum therapeutics as PHASE_I (ClinicalTrials.gov)
2025-11-16 01:54:51,986 - INFO - Classified corcept therapeutics as PHASE_I (ClinicalTrials.gov)
2025-11-16 01:54:51,987 - INFO - Defaulted correlia biosystems to PRECLINICAL (biotech without clear stage)
2025-11-16 01:54:51,988 - INFO - Defaulted corvus pharmaceuticals to PRECLINICAL (biotech without clear stage)
2025-11-16 01:54:51,990 - INFO - Defaulted creyon bio to PRECLINICAL (biotech without clear stage)
2025-11-16 01:54:51,990 - INFO - Defaulted crown bioscience to PRECLINICAL (biotech without clear stage)
2025-11-16 01:54:51,991 - INFO - Defaulted cullgen to PRECLINICAL (biotech without clear stage)
2025-11-16 01:54:51,992 - INFO - Classified curasen therapeutics as PHASE_I (ClinicalTrials.gov)
2025-11-16 01:54:51,993 - INFO - Defaulted curebase to PRECLINICAL (biotech without clear stage)
2025-11-16 01:54:51,993 - INFO - Defaulted curematch to PRECLINICAL (biotech without clear stage)
2025-11-16 01:54:51,994 - INFO - Classified curia (company) as PRECLINICAL (description analysis)
2025-11-16 01:54:51,995 - INFO - Classified cytologics as PRECLINICAL (description analysis)
2025-11-16 01:54:51,995 - INFO - Classified cytomx therapeutics as PHASE_I (ClinicalTrials.gov)
2025-11-16 01:54:51,996 - INFO - Classified dc3 therapeutics as PRECLINICAL (description analysis)
2025-11-16 01:54:51,996 - INFO - Classified dcn dx as PLATFORM (pattern match)
2025-11-16 01:54:51,997 - INFO - Processed 700 companies...
2025-11-16 01:54:51,998 - INFO - Defaulted dark horse consulting to PRECLINICAL (biotech without clear stage)
2025-11-16 01:54:51,999 - INFO - Defaulted day one biopharmaceuticals to PRECLINICAL (biotech without clear stage)
2025-11-16 01:54:51,999 - INFO - Defaulted deep 6 ai to PRECLINICAL (biotech without clear stage)
2025-11-16 01:54:52,000 - INFO - Defaulted delpor to PRECLINICAL (biotech without clear stage)
2025-11-16 01:54:52,001 - INFO - Classified denali therapeutics as PHASE_I (ClinicalTrials.gov)
2025-11-16 01:54:52,001 - INFO - Classified denovicon therapeutics as PRECLINICAL (description analysis)
2025-11-16 01:54:52,002 - INFO - Classified dermata therapeutics as PHASE_I (ClinicalTrials.gov)
2025-11-16 01:54:52,003 - INFO - Classified diablo clinical research as PHASE_II (ClinicalTrials.gov)
2025-11-16 01:54:52,004 - INFO - Defaulted dow development labs to PRECLINICAL (biotech without clear stage)
2025-11-16 01:54:52,005 - INFO - Defaulted dren bio to PRECLINICAL (biotech without clear stage)
2025-11-16 01:54:52,006 - INFO - Defaulted durect to PRECLINICAL (biotech without clear stage)
2025-11-16 01:54:52,008 - INFO - Classified ev therapeutics as PHASE_I (ClinicalTrials.gov)
2025-11-16 01:54:52,009 - INFO - Classified exonbio as PRECLINICAL (description analysis)
2025-11-16 01:54:52,010 - INFO - Classified eigen therapeutics as PHASE_I (ClinicalTrials.gov)
2025-11-16 01:54:52,011 - INFO - Classified eikon therapeutics as PHASE_I (ClinicalTrials.gov)
2025-11-16 01:54:52,012 - INFO - Defaulted eledon pharmaceuticals to PRECLINICAL (biotech without clear stage)
2025-11-16 01:54:52,013 - INFO - Classified element as PLATFORM (pattern match)
2025-11-16 01:54:52,015 - INFO - Defaulted emergent biosolutions to PRECLINICAL (biotech without clear stage)
2025-11-16 01:54:52,016 - INFO - Defaulted emmaus life sciences to PRECLINICAL (biotech without clear stage)
2025-11-16 01:54:52,017 - INFO - Classified empirico as PRECLINICAL (description analysis)
2025-11-16 01:54:52,018 - INFO - Defaulted enable biosciences to PRECLINICAL (biotech without clear stage)
2025-11-16 01:54:52,019 - INFO - Classified encoded therapeutics as PHASE_I (ClinicalTrials.gov)
2025-11-16 01:54:52,019 - INFO - Defaulted encodia to PRECLINICAL (biotech without clear stage)
2025-11-16 01:54:52,020 - INFO - Defaulted endpoint health to PRECLINICAL (biotech without clear stage)
2025-11-16 01:54:52,021 - INFO - Defaulted ensysce biosciences to PRECLINICAL (biotech without clear stage)
2025-11-16 01:54:52,023 - INFO - Defaulted epalex to PRECLINICAL (biotech without clear stage)
2025-11-16 01:54:52,023 - INFO - Defaulted epibiologics to PRECLINICAL (biotech without clear stage)
2025-11-16 01:54:52,024 - INFO - Classified epigen biosciences as PRECLINICAL (description analysis)
2025-11-16 01:54:52,026 - INFO - Defaulted equillium to PRECLINICAL (biotech without clear stage)
2025-11-16 01:54:52,027 - INFO - Defaulted escient pharmaceuticals to PRECLINICAL (biotech without clear stage)
2025-11-16 01:54:52,027 - INFO - Classified esperion therapeutics as PHASE_I (ClinicalTrials.gov)
2025-11-16 01:54:52,028 - INFO - Classified eureka therapeutics as PHASE_I (ClinicalTrials.gov)
2025-11-16 01:54:52,030 - INFO - Classified evommune as PRECLINICAL (description analysis)
2025-11-16 01:54:52,030 - INFO - Processed 800 companies...
2025-11-16 01:54:52,031 - INFO - Defaulted excellos to PRECLINICAL (biotech without clear stage)
2025-11-16 01:54:52,032 - INFO - Classified excision biotherapeutics as PHASE_I (ClinicalTrials.gov)
2025-11-16 01:54:52,032 - INFO - Classified exelixis as COMMERCIAL (known company)
2025-11-16 01:54:52,034 - INFO - Defaulted eyepoint pharmaceuticals to PRECLINICAL (biotech without clear stage)
2025-11-16 01:54:52,034 - INFO - Classified fascinate therapeutics as PHASE_I (ClinicalTrials.gov)
2025-11-16 01:54:52,035 - INFO - Defaulted ffa sciences to PRECLINICAL (biotech without clear stage)
2025-11-16 01:54:52,036 - INFO - Defaulted fabre-kramer pharmaceuticals to PRECLINICAL (biotech without clear stage)
2025-11-16 01:54:52,036 - INFO - Defaulted farbridge pharma consulting to PRECLINICAL (biotech without clear stage)
2025-11-16 01:54:52,038 - INFO - Classified fate therapeutics as PHASE_I (ClinicalTrials.gov)
2025-11-16 01:54:52,039 - INFO - Defaulted firefly bio to PRECLINICAL (biotech without clear stage)
2025-11-16 01:54:52,040 - INFO - Defaulted foothill scientific associates to PRECLINICAL (biotech without clear stage)
2025-11-16 01:54:52,042 - INFO - Defaulted fortress biotech to PRECLINICAL (biotech without clear stage)
2025-11-16 01:54:52,043 - INFO - Defaulted frontage to PRECLINICAL (biotech without clear stage)
2025-11-16 01:54:52,044 - INFO - Defaulted g. d. searle & company to PRECLINICAL (biotech without clear stage)
2025-11-16 01:54:52,045 - INFO - Classified gatc health as PRECLINICAL (description analysis)
2025-11-16 01:54:52,046 - INFO - Classified galvanize therapeutics as PHASE_I (ClinicalTrials.gov)
2025-11-16 01:54:52,048 - INFO - Defaulted genefab to PRECLINICAL (biotech without clear stage)
2025-11-16 01:54:52,049 - INFO - Classified genentech as COMMERCIAL (known company)
2025-11-16 01:54:52,050 - INFO - Defaulted gener8 to PRECLINICAL (biotech without clear stage)
2025-11-16 01:54:52,050 - INFO - Defaulted genervon to PRECLINICAL (biotech without clear stage)
2025-11-16 01:54:52,051 - INFO - Defaulted gigagen to PRECLINICAL (biotech without clear stage)
2025-11-16 01:54:52,052 - INFO - Classified gilead as COMMERCIAL (known company)
2025-11-16 01:54:52,053 - INFO - Defaulted gilero to PRECLINICAL (biotech without clear stage)
2025-11-16 01:54:52,054 - INFO - Defaulted glycomine to PRECLINICAL (biotech without clear stage)
2025-11-16 01:54:52,055 - INFO - Defaulted gondolabio to PRECLINICAL (biotech without clear stage)
2025-11-16 01:54:52,056 - INFO - Defaulted gordian biotechnology to PRECLINICAL (biotech without clear stage)
2025-11-16 01:54:52,057 - INFO - Defaulted grace science to PRECLINICAL (biotech without clear stage)
2025-11-16 01:54:52,058 - INFO - Classified gyre therapeutics as PHASE_I (ClinicalTrials.gov)
2025-11-16 01:54:52,059 - INFO - Classified haya therapeutics as PHASE_I (ClinicalTrials.gov)
2025-11-16 01:54:52,059 - INFO - Defaulted horiba medical to PRECLINICAL (biotech without clear stage)
2025-11-16 01:54:52,061 - INFO - Defaulted hallux to PRECLINICAL (biotech without clear stage)
2025-11-16 01:54:52,062 - INFO - Classified halozyme therapeutics as PHASE_I (ClinicalTrials.gov)
2025-11-16 01:54:52,063 - INFO - Defaulted handa pharmaceuticals to PRECLINICAL (biotech without clear stage)
2025-11-16 01:54:52,064 - INFO - Defaulted herophilus to PRECLINICAL (biotech without clear stage)
2025-11-16 01:54:52,064 - INFO - Defaulted hexagon bio to PRECLINICAL (biotech without clear stage)
2025-11-16 01:54:52,065 - INFO - Defaulted hillhurst biopharmaceuticals to PRECLINICAL (biotech without clear stage)
2025-11-16 01:54:52,065 - INFO - Defaulted hinge bio to PRECLINICAL (biotech without clear stage)
2025-11-16 01:54:52,066 - INFO - Processed 900 companies...
2025-11-16 01:54:52,067 - INFO - Classified human longevity as PRECLINICAL (description analysis)
2025-11-16 01:54:52,068 - INFO - Defaulted ideaya biosciences to PRECLINICAL (biotech without clear stage)
2025-11-16 01:54:52,069 - INFO - Classified ifm therapeutics as PHASE_I (ClinicalTrials.gov)
2025-11-16 01:54:52,070 - INFO - Classified iambic therapeutics as PRECLINICAL (description analysis)
2025-11-16 01:54:52,071 - INFO - Defaulted ichor medical systems to PRECLINICAL (biotech without clear stage)
2025-11-16 01:54:52,071 - INFO - Defaulted iconovir bio to PRECLINICAL (biotech without clear stage)
2025-11-16 01:54:52,072 - INFO - Defaulted iggenix to PRECLINICAL (biotech without clear stage)
2025-11-16 01:54:52,073 - INFO - Classified immune-onc therapeutics as PHASE_I (ClinicalTrials.gov)
2025-11-16 01:54:52,074 - INFO - Defaulted immunicom to PRECLINICAL (biotech without clear stage)
2025-11-16 01:54:52,075 - INFO - Defaulted immunitybio to PRECLINICAL (biotech without clear stage)
2025-11-16 01:54:52,077 - INFO - Classified incarda therapeutics as PHASE_I (ClinicalTrials.gov)
2025-11-16 01:54:52,077 - INFO - Defaulted inclin to PRECLINICAL (biotech without clear stage)
2025-11-16 01:54:52,078 - INFO - Defaulted inari medical to PRECLINICAL (biotech without clear stage)
2025-11-16 01:54:52,079 - INFO - Defaulted indi molecular to PRECLINICAL (biotech without clear stage)
2025-11-16 01:54:52,080 - INFO - Defaulted infinimmune to PRECLINICAL (biotech without clear stage)
2025-11-16 01:54:52,081 - INFO - Defaulted inhibrx biosciences to PRECLINICAL (biotech without clear stage)
2025-11-16 01:54:52,081 - INFO - Defaulted injectsense to PRECLINICAL (biotech without clear stage)
2025-11-16 01:54:52,082 - INFO - Classified innovo therapeutics as PRECLINICAL (description analysis)
2025-11-16 01:54:52,083 - INFO - Classified intarcia therapeutics as PHASE_I (ClinicalTrials.gov)
2025-11-16 01:54:52,084 - INFO - Defaulted integrated research associates to PRECLINICAL (biotech without clear stage)
2025-11-16 01:54:52,085 - INFO - Defaulted intraop medical to PRECLINICAL (biotech without clear stage)
2025-11-16 01:54:52,086 - INFO - Defaulted intratus to PRECLINICAL (biotech without clear stage)
2025-11-16 01:54:52,088 - INFO - Classified invitrx therapeutics as PHASE_I (ClinicalTrials.gov)
2025-11-16 01:54:52,088 - INFO - Classified iovance biotherapeutics as PHASE_I (ClinicalTrials.gov)
2025-11-16 01:54:52,089 - INFO - Classified irvine clinical research as PHASE_II (ClinicalTrials.gov)
2025-11-16 01:54:52,090 - INFO - Classified jaan biotherapeutics as PHASE_I (ClinicalTrials.gov)
2025-11-16 01:54:52,090 - INFO - Defaulted jadebio to PRECLINICAL (biotech without clear stage)
2025-11-16 01:54:52,091 - INFO - Classified janux therapeutics as PHASE_I (ClinicalTrials.gov)
2025-11-16 01:54:52,092 - INFO - Classified jasper therapeutics as PHASE_I (ClinicalTrials.gov)
2025-11-16 01:54:52,093 - INFO - Classified juno therapeutics as PHASE_I (ClinicalTrials.gov)
2025-11-16 01:54:52,093 - INFO - Classified juvena therapeutics as PHASE_I (ClinicalTrials.gov)
2025-11-16 01:54:52,095 - INFO - Defaulted kb medical group to PRECLINICAL (biotech without clear stage)
2025-11-16 01:54:52,095 - INFO - Classified kaer biotherapeutics as PHASE_I (ClinicalTrials.gov)
2025-11-16 01:54:52,096 - INFO - Classified kannalife as ACQUIRED (pattern match)
2025-11-16 01:54:52,098 - INFO - Defaulted kodiak sciences to PRECLINICAL (biotech without clear stage)
2025-11-16 01:54:52,099 - INFO - Classified kriya therapeutics as PHASE_I (ClinicalTrials.gov)
2025-11-16 01:54:52,100 - INFO - Classified kyowa hakko kirin as PRECLINICAL (description analysis)
2025-11-16 01:54:52,100 - INFO - Classified kyverna therapeutics as PHASE_I (ClinicalTrials.gov)
2025-11-16 01:54:52,101 - INFO - Classified lenz therapeutics as PHASE_I (ClinicalTrials.gov)
2025-11-16 01:54:52,102 - INFO - Processed 1000 companies...
2025-11-16 01:54:52,102 - INFO - Defaulted lgm pharma to PRECLINICAL (biotech without clear stage)
2025-11-16 01:54:52,113 - INFO - Report generated: /mnt/c/Users/shirk/Documents/Adulting/EastBayBiotechMap/deleteme/reports/stage_classification_report.md
2025-11-16 01:54:52,113 - INFO - Classification complete. Output saved to /mnt/c/Users/shirk/Documents/Adulting/EastBayBiotechMap/data/working/companies_with_stages.csv
2025-11-16 01:54:52,114 - INFO - Classified 377/1002 companies (37.6%)
2025-11-16 01:54:52,115 - INFO - Stage classification completed successfully
